<?xml version="1.0" encoding="UTF-8"?>
<testsuite name="exercise.AssertJTest" tests="4" skipped="0" failures="0" errors="0" timestamp="2023-10-27T04:06:58" hostname="DAVEMINS-WINBOO" time="0.106">
  <properties/>
  <testcase name="testFloat()" classname="exercise.AssertJTest" time="0.085"/>
  <testcase name="testInteger()" classname="exercise.AssertJTest" time="0.004"/>
  <testcase name="testString()" classname="exercise.AssertJTest" time="0.003"/>
  <testcase name="testCollection()" classname="exercise.AssertJTest" time="0.011"/>
  <system-out><![CDATA[]]></system-out>
  <system-err><![CDATA[]]></system-err>
</testsuite>
