<?xml version="1.0" encoding="UTF-8"?>
<testsuite name="exercise.HamcrestTest" tests="4" skipped="0" failures="0" errors="0" timestamp="2023-10-27T04:06:58" hostname="DAVEMINS-WINBOO" time="0.014">
  <properties/>
  <testcase name="test_anyOf_allOf_instanceOf()" classname="exercise.HamcrestTest" time="0.006"/>
  <testcase name="testNumber()" classname="exercise.HamcrestTest" time="0.002"/>
  <testcase name="testString()" classname="exercise.HamcrestTest" time="0.001"/>
  <testcase name="testCollection()" classname="exercise.HamcrestTest" time="0.003"/>
  <system-out><![CDATA[]]></system-out>
  <system-err><![CDATA[]]></system-err>
</testsuite>
